face-recognition2/app/build/outputs/logs/manifest-merger-release-report.txt
-- Merging decision tree log ---
manifest
ADDED from src\main\AndroidManifest.xml:2:1-81:12
	package
		ADDED from src\main\AndroidManifest.xml:3:5-48
		INJECTED from src\main\AndroidManifest.xml
		INJECTED from src\main\AndroidManifest.xml
	android:versionName
		ADDED from src\main\AndroidManifest.xml:5:5-30
		INJECTED from src\main\AndroidManifest.xml
		INJECTED from src\main\AndroidManifest.xml
	android:versionCode
		ADDED from src\main\AndroidManifest.xml:4:5-29
		INJECTED from src\main\AndroidManifest.xml
		INJECTED from src\main\AndroidManifest.xml
	xmlns:android
		ADDED from src\main\AndroidManifest.xml:2:11-69
uses-sdk
ADDED from src\main\AndroidManifest.xml:7:5-43
MERGED from [face-recognition2:openCVLibrary2411:unspecified] AndroidManifest.xml:7:5-9:40
	android:targetSdkVersion
		INJECTED from src\main\AndroidManifest.xml
		INJECTED from src\main\AndroidManifest.xml
	android:minSdkVersion
		ADDED from src\main\AndroidManifest.xml:7:15-40
		INJECTED from src\main\AndroidManifest.xml
		INJECTED from src\main\AndroidManifest.xml
uses-permission#android.permission.WRITE_EXTERNAL_STORAGE
ADDED from src\main\AndroidManifest.xml:9:5-81
	android:name
		ADDED from src\main\AndroidManifest.xml:9:22-78
supports-screens
ADDED from src\main\AndroidManifest.xml:11:5-16:39
	android:largeScreens
		ADDED from src\main\AndroidManifest.xml:13:9-36
	android:smallScreens
		ADDED from src\main\AndroidManifest.xml:16:9-36
	android:normalScreens
		ADDED from src\main\AndroidManifest.xml:14:9-37
	android:resizeable
		ADDED from src\main\AndroidManifest.xml:15:9-34
	android:anyDensity
		ADDED from src\main\AndroidManifest.xml:12:9-34
uses-permission#android.permission.CAMERA
ADDED from src\main\AndroidManifest.xml:18:5-65
	android:name
		ADDED from src\main\AndroidManifest.xml:18:22-62
uses-feature#android.hardware.camera
ADDED from src\main\AndroidManifest.xml:20:5-22:36
	android:required
		ADDED from src\main\AndroidManifest.xml:22:9-33
	android:name
		ADDED from src\main\AndroidManifest.xml:21:9-47
uses-feature#android.hardware.camera.autofocus
ADDED from src\main\AndroidManifest.xml:23:5-25:36
	android:required
		ADDED from src\main\AndroidManifest.xml:25:9-33
	android:name
		ADDED from src\main\AndroidManifest.xml:24:9-57
uses-feature#android.hardware.camera.front
ADDED from src\main\AndroidManifest.xml:26:5-28:36
	android:required
		ADDED from src\main\AndroidManifest.xml:28:9-33
	android:name
		ADDED from src\main\AndroidManifest.xml:27:9-53
uses-feature#android.hardware.camera.front.autofocus
ADDED from src\main\AndroidManifest.xml:29:5-31:36
	android:required
		ADDED from src\main\AndroidManifest.xml:31:9-33
	android:name
		ADDED from src\main\AndroidManifest.xml:30:9-63
android:uses-permission#android.permission.READ_PHONE_STATE
ADDED from src\main\AndroidManifest.xml:33:5-83
	android:name
		ADDED from src\main\AndroidManifest.xml:33:30-80
android:uses-permission#android.permission.READ_EXTERNAL_STORAGE
ADDED from src\main\AndroidManifest.xml:34:5-88
	android:name
		ADDED from src\main\AndroidManifest.xml:34:30-85
android:uses-permission#android.permission.WRITE_EXTERNAL_STORAGE
ADDED from src\main\AndroidManifest.xml:35:5-89
	android:name
		ADDED from src\main\AndroidManifest.xml:35:30-86
application
ADDED from src\main\AndroidManifest.xml:37:5-79:19
	android:label
		ADDED from src\main\AndroidManifest.xml:39:9-41
	android:icon
		ADDED from src\main\AndroidManifest.xml:38:9-38
	android:largeHeap
		ADDED from src\main\AndroidManifest.xml:40:9-33
	android:theme
		ADDED from src\main\AndroidManifest.xml:41:9-67
activity#org.opencv.javacv.facerecognition.FdActivity
ADDED from src\main\AndroidManifest.xml:42:9-52:20
	android:screenOrientation
		ADDED from src\main\AndroidManifest.xml:46:13-50
	android:label
		ADDED from src\main\AndroidManifest.xml:45:13-45
	android:configChanges
		ADDED from src\main\AndroidManifest.xml:44:13-63
	android:name
		ADDED from src\main\AndroidManifest.xml:43:13-39
intent-filter#android.intent.action.DEFAULT+android.intent.category.DEFAULT
ADDED from src\main\AndroidManifest.xml:47:13-51:29
action#android.intent.action.DEFAULT
ADDED from src\main\AndroidManifest.xml:48:17-72
	android:name
		ADDED from src\main\AndroidManifest.xml:48:25-69
category#android.intent.category.DEFAULT
ADDED from src\main\AndroidManifest.xml:50:17-76
	android:name
		ADDED from src\main\AndroidManifest.xml:50:27-73
activity#org.opencv.javacv.facerecognition.ImageGallery
ADDED from src\main\AndroidManifest.xml:53:9-63:20
	android:screenOrientation
		ADDED from src\main\AndroidManifest.xml:57:13-49
	android:label
		ADDED from src\main\AndroidManifest.xml:56:13-45
	android:configChanges
		ADDED from src\main\AndroidManifest.xml:55:13-63
	android:name
		ADDED from src\main\AndroidManifest.xml:54:13-41
intent-filter#android.intent.action.VIEW+android.intent.category.DEFAULT
ADDED from src\main\AndroidManifest.xml:58:13-62:29
action#android.intent.action.VIEW
ADDED from src\main\AndroidManifest.xml:59:17-69
	android:name
		ADDED from src\main\AndroidManifest.xml:59:25-66
activity#org.opencv.javacv.facerecognition.MainActivity
ADDED from src\main\AndroidManifest.xml:64:9-72:20
	android:label
		ADDED from src\main\AndroidManifest.xml:66:13-45
	android:name
		ADDED from src\main\AndroidManifest.xml:65:13-41
intent-filter#android.intent.action.MAIN+android.intent.category.LAUNCHER
ADDED from src\main\AndroidManifest.xml:67:13-71:29
action#android.intent.action.MAIN
ADDED from src\main\AndroidManifest.xml:68:17-69
	android:name
		ADDED from src\main\AndroidManifest.xml:68:25-66
category#android.intent.category.LAUNCHER
ADDED from src\main\AndroidManifest.xml:70:17-77
	android:name
		ADDED from src\main\AndroidManifest.xml:70:27-74
activity#org.opencv.javacv.facerecognition.FileChooser
ADDED from src\main\AndroidManifest.xml:73:9-49
	android:name
		ADDED from src\main\AndroidManifest.xml:73:19-46
activity#org.opencv.javacv.facerecognition.ImageActivity
ADDED from src\main\AndroidManifest.xml:74:9-78:20
	android:screenOrientation
		ADDED from src\main\AndroidManifest.xml:75:19-55
	android:name
		ADDED from src\main\AndroidManifest.xml:74:19-48